This file contains any messages produced by compilers while
running configure, to aid debugging if configure makes a mistake.

It was created by FreeType configure 2.4.10, which was
generated by GNU Autoconf 2.69.  Invocation command line was

  $ ./configure --prefix=/usr/local/iphone --host=arm-apple-darwin --enable-static=yes --enable-shared=no CC=/Developer/Platforms/iPhoneOS.platform/Developer/usr/bin/gcc-4.2 CFLAGS=-arch armv6 -pipe -mdynamic-no-pic -std=c99 -Wno-trigraphs -fpascal-strings -O2 -Wreturn-type -Wunused-variable -fmessage-length=0 -fvisibility=hidden -miphoneos-version-min=3.2 -I/Developer/Platforms/iPhoneOS.platform/Developer/SDKs/iPhoneOS3.2.sdk/usr/include/libxml2 -isysroot /Developer/Platforms/iPhoneOS.platform/Developer/SDKs/iPhoneOS3.2.sdk CPP=/Developer/Platforms/iPhoneOS.platform/Developer/usr/bin/cpp AR=/Developer/Platforms/iPhoneOS.platform/Developer/usr/bin/ar LDFLAGS=-arch armv6 -isysroot /Developer/Platforms/iPhoneOS.platform/Developer/SDKs/iPhoneOS3.2.sdk -miphoneos-version-min=3.2

## --------- ##
## Platform. ##
## --------- ##

hostname = 67-194-194-197.wireless.umnet.umich.edu
uname -m = x86_64
uname -r = 11.4.0
uname -s = Darwin
uname -v = Darwin Kernel Version 11.4.0: Mon Apr  9 19:32:15 PDT 2012; root:xnu-1699.26.8~1/RELEASE_X86_64

/usr/bin/uname -p = i386
/bin/uname -X     = unknown

/bin/arch              = unknown
/usr/bin/arch -k       = unknown
/usr/convex/getsysinfo = unknown
/usr/bin/hostinfo      = Mach kernel version:
	 Darwin Kernel Version 11.4.0: Mon Apr  9 19:32:15 PDT 2012; root:xnu-1699.26.8~1/RELEASE_X86_64
Kernel configured for up to 2 processors.
2 processors are physically available.
2 processors are logically available.
Processor type: i486 (Intel 80486)
Processors active: 0 1
Primary memory available: 4.00 gigabytes
Default processor set: 100 tasks, 447 threads, 2 processors
Load average: 1.59, Mach factor: 1.03
/bin/machine           = unknown
/usr/bin/oslevel       = unknown
/bin/universe          = unknown

PATH: /opt/local/bin
PATH: /opt/local/sbin
PATH: /opt/local/bin
PATH: /opt/local/sbin
PATH: /opt/local/bin
PATH: /opt/local/sbin
PATH: /usr/local/bin
PATH: /usr/local/sbin
PATH: /usr/local/mysql/bin
PATH: /opt/local/bin
PATH: /opt/local/sbin
PATH: /Library/Frameworks/Python.framework/Versions/Current/bin
PATH: /sw/bin
PATH: /sw/sbin
PATH: /Users/gessl/Documents/Dev/Android/android-ndk-r5c
PATH: /Users/gessl/Documents/Dev/Android/android-sdk-mac_x86/tools
PATH: /opt/local/bin
PATH: /opt/local/sbin
PATH: /usr/bin
PATH: /bin
PATH: /usr/sbin
PATH: /sbin
PATH: /usr/local/bin
PATH: /usr/X11/bin
PATH: /usr/X11R6/bin


## ----------- ##
## Core tests. ##
## ----------- ##

configure:2481: checking build system type
configure:2495: result: i386-apple-darwin11.4.0
configure:2515: checking host system type
configure:2528: result: arm-apple-darwin
configure:2560: checking for arm-apple-darwin-gcc
configure:2587: result: /Developer/Platforms/iPhoneOS.platform/Developer/usr/bin/gcc-4.2
configure:2856: checking for C compiler version
configure:2865: /Developer/Platforms/iPhoneOS.platform/Developer/usr/bin/gcc-4.2 --version >&5
./configure: line 2867: /Developer/Platforms/iPhoneOS.platform/Developer/usr/bin/gcc-4.2: No such file or directory
configure:2876: $? = 127
configure:2865: /Developer/Platforms/iPhoneOS.platform/Developer/usr/bin/gcc-4.2 -v >&5
./configure: line 2867: /Developer/Platforms/iPhoneOS.platform/Developer/usr/bin/gcc-4.2: No such file or directory
configure:2876: $? = 127
configure:2865: /Developer/Platforms/iPhoneOS.platform/Developer/usr/bin/gcc-4.2 -V >&5
./configure: line 2867: /Developer/Platforms/iPhoneOS.platform/Developer/usr/bin/gcc-4.2: No such file or directory
configure:2876: $? = 127
configure:2865: /Developer/Platforms/iPhoneOS.platform/Developer/usr/bin/gcc-4.2 -qversion >&5
./configure: line 2867: /Developer/Platforms/iPhoneOS.platform/Developer/usr/bin/gcc-4.2: No such file or directory
configure:2876: $? = 127
configure:2896: checking whether the C compiler works
configure:2918: /Developer/Platforms/iPhoneOS.platform/Developer/usr/bin/gcc-4.2 -arch armv6 -pipe -mdynamic-no-pic -std=c99 -Wno-trigraphs -fpascal-strings -O2 -Wreturn-type -Wunused-variable -fmessage-length=0 -fvisibility=hidden -miphoneos-version-min=3.2 -I/Developer/Platforms/iPhoneOS.platform/Developer/SDKs/iPhoneOS3.2.sdk/usr/include/libxml2 -isysroot /Developer/Platforms/iPhoneOS.platform/Developer/SDKs/iPhoneOS3.2.sdk  -arch armv6 -isysroot /Developer/Platforms/iPhoneOS.platform/Developer/SDKs/iPhoneOS3.2.sdk -miphoneos-version-min=3.2 conftest.c  >&5
./configure: line 2920: /Developer/Platforms/iPhoneOS.platform/Developer/usr/bin/gcc-4.2: No such file or directory
configure:2922: $? = 127
configure:2960: result: no
configure: failed program was:
| /* confdefs.h */
| #define PACKAGE_NAME "FreeType"
| #define PACKAGE_TARNAME "freetype"
| #define PACKAGE_VERSION "2.4.10"
| #define PACKAGE_STRING "FreeType 2.4.10"
| #define PACKAGE_BUGREPORT "freetype@nongnu.org"
| #define PACKAGE_URL ""
| /* end confdefs.h.  */
| 
| int
| main ()
| {
| 
|   ;
|   return 0;
| }
configure:2965: error: in `/Users/gessl/Documents/Dev/iPhone/freetype-2.4.10/builds/unix':
configure:2967: error: C compiler cannot create executables
See `config.log' for more details

## ---------------- ##
## Cache variables. ##
## ---------------- ##

ac_cv_build=i386-apple-darwin11.4.0
ac_cv_env_CC_set=set
ac_cv_env_CC_value=/Developer/Platforms/iPhoneOS.platform/Developer/usr/bin/gcc-4.2
ac_cv_env_CFLAGS_set=set
ac_cv_env_CFLAGS_value='-arch armv6 -pipe -mdynamic-no-pic -std=c99 -Wno-trigraphs -fpascal-strings -O2 -Wreturn-type -Wunused-variable -fmessage-length=0 -fvisibility=hidden -miphoneos-version-min=3.2 -I/Developer/Platforms/iPhoneOS.platform/Developer/SDKs/iPhoneOS3.2.sdk/usr/include/libxml2 -isysroot /Developer/Platforms/iPhoneOS.platform/Developer/SDKs/iPhoneOS3.2.sdk'
ac_cv_env_CPPFLAGS_set=
ac_cv_env_CPPFLAGS_value=
ac_cv_env_CPP_set=set
ac_cv_env_CPP_value=/Developer/Platforms/iPhoneOS.platform/Developer/usr/bin/cpp
ac_cv_env_LDFLAGS_set=set
ac_cv_env_LDFLAGS_value='-arch armv6 -isysroot /Developer/Platforms/iPhoneOS.platform/Developer/SDKs/iPhoneOS3.2.sdk -miphoneos-version-min=3.2'
ac_cv_env_LIBS_set=
ac_cv_env_LIBS_value=
ac_cv_env_build_alias_set=
ac_cv_env_build_alias_value=
ac_cv_env_host_alias_set=set
ac_cv_env_host_alias_value=arm-apple-darwin
ac_cv_env_target_alias_set=
ac_cv_env_target_alias_value=
ac_cv_host=arm-apple-darwin
ac_cv_prog_CC=/Developer/Platforms/iPhoneOS.platform/Developer/usr/bin/gcc-4.2

## ----------------- ##
## Output variables. ##
## ----------------- ##

AR='/Developer/Platforms/iPhoneOS.platform/Developer/usr/bin/ar'
AS=''
AWK=''
CC='/Developer/Platforms/iPhoneOS.platform/Developer/usr/bin/gcc-4.2'
CC_BUILD=''
CFLAGS='-arch armv6 -pipe -mdynamic-no-pic -std=c99 -Wno-trigraphs -fpascal-strings -O2 -Wreturn-type -Wunused-variable -fmessage-length=0 -fvisibility=hidden -miphoneos-version-min=3.2 -I/Developer/Platforms/iPhoneOS.platform/Developer/SDKs/iPhoneOS3.2.sdk/usr/include/libxml2 -isysroot /Developer/Platforms/iPhoneOS.platform/Developer/SDKs/iPhoneOS3.2.sdk'
CPP='/Developer/Platforms/iPhoneOS.platform/Developer/usr/bin/cpp'
CPPFLAGS=''
DEFS=''
DLLTOOL=''
DSYMUTIL=''
DUMPBIN=''
ECHO_C='\c'
ECHO_N=''
ECHO_T=''
EGREP=''
EXEEXT=''
EXEEXT_BUILD=''
FGREP=''
FT2_EXTRA_LIBS=''
FTSYS_SRC=''
GREP=''
INSTALL_DATA=''
INSTALL_PROGRAM=''
INSTALL_SCRIPT=''
LD=''
LDFLAGS='-arch armv6 -isysroot /Developer/Platforms/iPhoneOS.platform/Developer/SDKs/iPhoneOS3.2.sdk -miphoneos-version-min=3.2'
LIBBZ2=''
LIBOBJS=''
LIBS=''
LIBTOOL=''
LIBZ=''
LIPO=''
LN_S=''
LTLIBOBJS=''
MANIFEST_TOOL=''
NM=''
NMEDIT=''
OBJDUMP=''
OBJEXT=''
OTOOL64=''
OTOOL=''
PACKAGE_BUGREPORT='freetype@nongnu.org'
PACKAGE_NAME='FreeType'
PACKAGE_STRING='FreeType 2.4.10'
PACKAGE_TARNAME='freetype'
PACKAGE_URL=''
PACKAGE_VERSION='2.4.10'
PATH_SEPARATOR=':'
RANLIB=''
RMDIR=''
RMF=''
SED=''
SHELL='/bin/sh'
STRIP=''
SYSTEM_ZLIB=''
XX_ANSIFLAGS=''
XX_CFLAGS=''
ac_ct_AR=''
ac_ct_CC=''
ac_ct_DUMPBIN=''
bindir='${exec_prefix}/bin'
build='i386-apple-darwin11.4.0'
build_alias=''
build_cpu='i386'
build_libtool_libs=''
build_os='darwin11.4.0'
build_vendor='apple'
datadir='${datarootdir}'
datarootdir='${prefix}/share'
docdir='${datarootdir}/doc/${PACKAGE_TARNAME}'
dvidir='${docdir}'
exec_prefix='NONE'
ft_version='15.0.9'
ftmac_c=''
hardcode_libdir_flag_spec=''
host='arm-apple-darwin'
host_alias='arm-apple-darwin'
host_cpu='arm'
host_os='darwin'
host_vendor='apple'
htmldir='${docdir}'
includedir='${prefix}/include'
infodir='${datarootdir}/info'
libdir='${exec_prefix}/lib'
libexecdir='${exec_prefix}/libexec'
localedir='${datarootdir}/locale'
localstatedir='${prefix}/var'
mandir='${datarootdir}/man'
oldincludedir='/usr/include'
pdfdir='${docdir}'
prefix='/usr/local/iphone'
program_transform_name='s,x,x,'
psdir='${docdir}'
sbindir='${exec_prefix}/sbin'
sharedstatedir='${prefix}/com'
sysconfdir='${prefix}/etc'
target_alias=''
version_info='15:0:9'
wl=''

## ----------- ##
## confdefs.h. ##
## ----------- ##

/* confdefs.h */
#define PACKAGE_NAME "FreeType"
#define PACKAGE_TARNAME "freetype"
#define PACKAGE_VERSION "2.4.10"
#define PACKAGE_STRING "FreeType 2.4.10"
#define PACKAGE_BUGREPORT "freetype@nongnu.org"
#define PACKAGE_URL ""

configure: exit 77
